./an
./an/.ssh
./an/toor-gitolite-ssh-keys
./bc
./bc/.cache
./bc/.cache/abrt
./bc/.cache/dconf
./bc/.cache/evolution
./bc/.cache/fontconfig
./bc/.cache/gnome-calculator
./bc/.cache/gnome-shell
./bc/.cache/gnome-software
./bc/.cache/gstreamer-1.0
./bc/.cache/icedtea-web
./bc/.cache/imsettings
./bc/.cache/keyring-5MMLHZ
./bc/.cache/media-art
./bc/.cache/mozilla
./bc/.cache/thumbnails
./bc/.cache/tracker
./bc/.cache/yelp
./bc/.cache/keyring-DAHIJZ
./bc/.cache/libgweather
./bc/.cache/keyring-QXYTJZ
./bc/.cache/gnome-control-center
./bc/.cache/keyring-0OLRMZ
./bc/.cache/keyring-80DVMZ
./bc/.conda
./bc/.conda/envs
./bc/.config
./bc/.config/abrt
./bc/.config/dconf
./bc/.config/enchant
./bc/.config/evolution
./bc/.config/gconf
./bc/.config/gedit
./bc/.config/gnome-session
./bc/.config/goa-1.0
./bc/.config/gtk-3.0
./bc/.config/ibus
./bc/.config/icedtea-web
./bc/.config/imsettings
./bc/.config/nautilus
./bc/.config/pulse
./bc/.config/yelp
./bc/.config/gnome-control-center
./bc/.gvfs
./bc/.java
./bc/.java/fonts
./bc/.local
./bc/.local/share
./bc/.mozilla
./bc/.mozilla/extensions
./bc/.mozilla/firefox
./bc/.pki
./bc/.pki/nssdb
./bc/.ssh
./bc/10-10-10-6--rec1
./bc/Bioinformatics
./bc/Desktop
./bc/Documents
./bc/Downloads
./bc/Finance
./bc/Finance/Confidential
./bc/Finance/Public
./bc/HR
./bc/HR/Confidential
./bc/HR/HR-Goals
./bc/Music
./bc/Pictures
./bc/ProgrammeMgmt
./bc/ProgrammeMgmt/Confidential
./bc/ProgrammeMgmt/G-BSI Product 1
./bc/ProgrammeMgmt/PISCES Programme managment WBS1.1-2.1
./bc/Public
./bc/SVN-Stats
./bc/SVN-Stats/SvnStat-1.1-beta
./bc/Templates
./bc/Videos
./bc/downloads
./bc/ldap
./bc/ncCheck
./bc/pete.ssh
./bc/.dbus
./bc/.dbus/session-bus
./bc/miniconda3
./bc/miniconda3/pkgs
./bc/miniconda3/conda-meta
./bc/miniconda3/bin
./bc/miniconda3/compiler_compat
./bc/miniconda3/include
./bc/miniconda3/lib
./bc/miniconda3/share
./bc/miniconda3/ssl
./bc/miniconda3/x86_64-conda_cos6-linux-gnu
./bc/miniconda3/etc
./bc/miniconda3/envs
./bc/.vnc
./bc/.ansible
./bc/.ansible/tmp
./dnae-ansible
./dnae-ansible/.cache
./dnae-ansible/.cache/abrt
./dnae-ansible/.config
./dnae-ansible/.config/abrt
./dnae-ansible/.mozilla
./dnae-ansible/.mozilla/extensions
./dnae-ansible/.mozilla/plugins
./dnae-ansible/.ssh
./dnae-ansible/.ansible
./dnae-ansible/.ansible/tmp
./dnae-ansible/.ansible/cp
./ls
./ls/.cache
./ls/.cache/abrt
./ls/.config
./ls/.config/abrt
./ls/.mozilla
./ls/.mozilla/extensions
./ls/.mozilla/plugins
./ls/.ssh
./pg
./pg/.cache
./pg/.cache/abrt
./pg/.cache/dconf
./pg/.cache/evolution
./pg/.cache/gnome-shell
./pg/.cache/gnome-software
./pg/.cache/gstreamer-1.0
./pg/.cache/imsettings
./pg/.cache/keyring-JGWLIZ
./pg/.cache/media-art
./pg/.cache/tracker
./pg/.cache/libgweather
./pg/.config
./pg/.config/abrt
./pg/.config/dconf
./pg/.config/evolution
./pg/.config/gconf
./pg/.config/gnome-session
./pg/.config/goa-1.0
./pg/.config/gtk-3.0
./pg/.config/ibus
./pg/.config/imsettings
./pg/.config/nautilus
./pg/.config/pulse
./pg/.gvfs
./pg/.local
./pg/.local/share
./pg/.mozilla
./pg/.mozilla/extensions
./pg/.mozilla/plugins
./pg/.vnc
./pg/Desktop
./pg/Documents
./pg/Downloads
./pg/Music
./pg/Pictures
./pg/Public
./pg/Templates
./pg/Videos
./pg/.dbus
./pg/.dbus/session-bus
./sw
./sw/.cache
./sw/.cache/abrt
./sw/.config
./sw/.config/abrt
./sw/.ssh
./toor
./toor/.cache
./toor/.cache/abrt
./toor/.config
./toor/.config/abrt
./za
./za/.cache
./za/.cache/abrt
./za/.cache/dconf
./za/.cache/doc
./za/.cache/evolution
./za/.cache/fontconfig
./za/.cache/gnome-shell
./za/.cache/gnome-software
./za/.cache/gstreamer-1.0
./za/.cache/imsettings
./za/.cache/media-art
./za/.cache/mozilla
./za/.cache/thumbnails
./za/.cache/tracker
./za/.cache/yelp
./za/.cache/libgweather
./za/.cache/keyring-O4ERMZ
./za/.cache/keyring-PEMOMZ
./za/.cache/keyring-H93UMZ
./za/.cache/keyring-G9VVOZ
./za/.config
./za/.config/abrt
./za/.config/dconf
./za/.config/eog
./za/.config/evolution
./za/.config/gconf
./za/.config/gnome-session
./za/.config/goa-1.0
./za/.config/gtk-3.0
./za/.config/ibus
./za/.config/imsettings
./za/.config/nautilus
./za/.config/pulse
./za/.config/yelp
./za/.gvfs
./za/.local
./za/.local/share
./za/.mozilla
./za/.mozilla/extensions
./za/.mozilla/firefox
./za/.mozilla/plugins
./za/.mozilla/systemextensionsdev
./za/.ssh
./za/.vnc
./za/Desktop
./za/Documents
./za/Downloads
./za/Music
./za/Pictures
./za/Public
./za/Templates
./za/Videos
./za/kieran
./za/kieran/sigmoid_only
./za/kieran/with_zeroed
./za/rashmita
./za/tmp
./za/tmp/csv
./za/tmp/plots
./za/.dbus
./za/.dbus/session-bus
